<?xml version="1.0" encoding="UTF-8"?>
<testsuite xmlns:xsi="http://www.w3.org/2001/XMLSchema-instance" xsi:noNamespaceSchemaLocation="https://maven.apache.org/surefire/maven-surefire-plugin/xsd/surefire-test-report.xsd" version="3.0.2" name="clinic.service.ReferralServiceTest" time="0.293" tests="5" errors="4" skipped="0" failures="1" flakes="0">
  <properties>
[...]
</properties>
  <testcase name="nullPatientIsRejectedBeforeCollaboratorsRun" classname="clinic.service.ReferralServiceTest" time="0.271">
    <failure message="Unexpected exception type thrown, expected: &lt;java.lang.IllegalArgumentException&gt; but was: &lt;java.lang.UnsupportedOperationException&gt;" type="org.opentest4j.AssertionFailedError"><![CDATA[org.opentest4j.AssertionFailedError: Unexpected exception type thrown, expected: <java.lang.IllegalArgumentException> but was: <java.lang.UnsupportedOperationException>
	at org.junit.jupiter.api.AssertionFailureBuilder.build(AssertionFailureBuilder.java:151)
	at org.junit.jupiter.api.AssertThrows.assertThrows(AssertThrows.java:67)
	at org.junit.jupiter.api.AssertThrows.assertThrows(AssertThrows.java:35)
	at org.junit.jupiter.api.Assertions.assertThrows(Assertions.java:3128)
	at clinic.service.ReferralServiceTest.nullPatientIsRejectedBeforeCollaboratorsRun(ReferralServiceTest.java:47)
	at java.base/java.lang.reflect.Method.invoke(Method.java:565)
	at java.base/java.util.ArrayList.forEach(ArrayList.java:1604)
	at java.base/java.util.ArrayList.forEach(ArrayList.java:1604)
Caused by: java.lang.UnsupportedOperationException: TODO: implement createReferral
	at clinic.service.ReferralService.createReferral(ReferralService.java:35)
	at clinic.service.ReferralServiceTest.lambda$nullPatientIsRejectedBeforeCollaboratorsRun$0(ReferralServiceTest.java:48)
	at org.junit.jupiter.api.AssertThrows.assertThrows(AssertThrows.java:53)
	... 6 more
]]></failure>
  </testcase>
  <testcase name="approvedReferralReservesSlotAndSendsSuccess" classname="clinic.service.ReferralServiceTest" time="0.011">
    <error message="TODO: implement createReferral" type="java.lang.UnsupportedOperationException"><![CDATA[java.lang.UnsupportedOperationException: TODO: implement createReferral
	at clinic.service.ReferralService.createReferral(ReferralService.java:35)
	at clinic.service.ReferralServiceTest.approvedReferralReservesSlotAndSendsSuccess(ReferralServiceTest.java:59)
	at java.base/java.lang.reflect.Method.invoke(Method.java:565)
	at java.base/java.util.ArrayList.forEach(ArrayList.java:1604)
	at java.base/java.util.ArrayList.forEach(ArrayList.java:1604)
]]></error>
  </testcase>
  <testcase name="approvedReferralWithNoSlotSendsWaitlist" classname="clinic.service.ReferralServiceTest" time="0.002">
    <error message="TODO: implement createReferral" type="java.lang.UnsupportedOperationException"><![CDATA[java.lang.UnsupportedOperationException: TODO: implement createReferral
	at clinic.service.ReferralService.createReferral(ReferralService.java:35)
	at clinic.service.ReferralServiceTest.approvedReferralWithNoSlotSendsWaitlist(ReferralServiceTest.java:85)
	at java.base/java.lang.reflect.Method.invoke(Method.java:565)
	at java.base/java.util.ArrayList.forEach(ArrayList.java:1604)
	at java.base/java.util.ArrayList.forEach(ArrayList.java:1604)
]]></error>
  </testcase>
  <testcase name="rejectedReferralDoesNotReserveSlotAndSendsFailure" classname="clinic.service.ReferralServiceTest" time="0.002">
    <error message="TODO: implement createReferral" type="java.lang.UnsupportedOperationException"><![CDATA[java.lang.UnsupportedOperationException: TODO: implement createReferral
	at clinic.service.ReferralService.createReferral(ReferralService.java:35)
	at clinic.service.ReferralServiceTest.rejectedReferralDoesNotReserveSlotAndSendsFailure(ReferralServiceTest.java:71)
	at java.base/java.lang.reflect.Method.invoke(Method.java:565)
	at java.base/java.util.ArrayList.forEach(ArrayList.java:1604)
	at java.base/java.util.ArrayList.forEach(ArrayList.java:1604)
]]></error>
  </testcase>
  <testcase name="approvedReferralWithNoSpecialistSendsWaitlistAndSkipsBooking" classname="clinic.service.ReferralServiceTest" time="0.002">
    <error message="TODO: implement createReferral" type="java.lang.UnsupportedOperationException"><![CDATA[java.lang.UnsupportedOperationException: TODO: implement createReferral
	at clinic.service.ReferralService.createReferral(ReferralService.java:35)
	at clinic.service.ReferralServiceTest.approvedReferralWithNoSpecialistSendsWaitlistAndSkipsBooking(ReferralServiceTest.java:98)
	at java.base/java.lang.reflect.Method.invoke(Method.java:565)
	at java.base/java.util.ArrayList.forEach(ArrayList.java:1604)
	at java.base/java.util.ArrayList.forEach(ArrayList.java:1604)
]]></error>
  </testcase>
</testsuite>